<?xml version="1.0" encoding="UTF-8"?>
<testsuite xmlns:xsi="http://www.w3.org/2001/XMLSchema-instance" xsi:noNamespaceSchemaLocation="https://maven.apache.org/surefire/maven-surefire-plugin/xsd/surefire-test-report.xsd" version="3.0.2" name="badIceCream.controller.ControllerTest" time="0.507" tests="3" errors="0" skipped="0" failures="0">
  <properties>
    <property name="java.specification.version" value="21"/>
    <property name="sun.cpu.isalist" value="amd64"/>
    <property name="sun.jnu.encoding" value="Cp1252"/>
    <property name="java.class.path" value="D:\School\Masters\1st Year\1st Semester\TVVS\Project\TVVS-Project\target\test-classes;D:\School\Masters\1st Year\1st Semester\TVVS\Project\TVVS-Project\target\classes;C:\Users\ubase\.m2\repository\com\googlecode\lanterna\lanterna\3.1.1\lanterna-3.1.1.jar;C:\Users\ubase\.m2\repository\net\jqwik\jqwik\1.9.1\jqwik-1.9.1.jar;C:\Users\ubase\.m2\repository\org\apiguardian\apiguardian-api\1.1.2\apiguardian-api-1.1.2.jar;C:\Users\ubase\.m2\repository\net\jqwik\jqwik-api\1.9.1\jqwik-api-1.9.1.jar;C:\Users\ubase\.m2\repository\net\jqwik\jqwik-web\1.9.1\jqwik-web-1.9.1.jar;C:\Users\ubase\.m2\repository\net\jqwik\jqwik-time\1.9.1\jqwik-time-1.9.1.jar;C:\Users\ubase\.m2\repository\net\jqwik\jqwik-engine\1.9.1\jqwik-engine-1.9.1.jar;C:\Users\ubase\.m2\repository\org\assertj\assertj-core\3.26.3\assertj-core-3.26.3.jar;C:\Users\ubase\.m2\repository\net\bytebuddy\byte-buddy\1.14.18\byte-buddy-1.14.18.jar;C:\Users\ubase\.m2\repository\org\junit\jupiter\junit-jupiter-api\5.11.2\junit-jupiter-api-5.11.2.jar;C:\Users\ubase\.m2\repository\org\opentest4j\opentest4j\1.3.0\opentest4j-1.3.0.jar;C:\Users\ubase\.m2\repository\org\junit\platform\junit-platform-commons\1.11.2\junit-platform-commons-1.11.2.jar;C:\Users\ubase\.m2\repository\org\junit\jupiter\junit-jupiter-params\5.11.2\junit-jupiter-params-5.11.2.jar;C:\Users\ubase\.m2\repository\org\junit\jupiter\junit-jupiter-engine\5.11.2\junit-jupiter-engine-5.11.2.jar;C:\Users\ubase\.m2\repository\org\junit\platform\junit-platform-engine\1.11.2\junit-platform-engine-1.11.2.jar;C:\Users\ubase\.m2\repository\org\junit\platform\junit-platform-runner\1.11.2\junit-platform-runner-1.11.2.jar;C:\Users\ubase\.m2\repository\junit\junit\4.13.2\junit-4.13.2.jar;C:\Users\ubase\.m2\repository\org\hamcrest\hamcrest-core\1.3\hamcrest-core-1.3.jar;C:\Users\ubase\.m2\repository\org\junit\platform\junit-platform-suite-api\1.11.2\junit-platform-suite-api-1.11.2.jar;C:\Users\ubase\.m2\repository\org\junit\platform\junit-platform-suite-commons\1.11.2\junit-platform-suite-commons-1.11.2.jar;C:\Users\ubase\.m2\repository\org\junit\platform\junit-platform-launcher\1.11.2\junit-platform-launcher-1.11.2.jar;C:\Users\ubase\.m2\repository\org\mockito\mockito-core\5.14.1\mockito-core-5.14.1.jar;C:\Users\ubase\.m2\repository\net\bytebuddy\byte-buddy-agent\1.15.3\byte-buddy-agent-1.15.3.jar;C:\Users\ubase\.m2\repository\org\objenesis\objenesis\3.3\objenesis-3.3.jar;C:\Users\ubase\.m2\repository\org\mockito\mockito-junit-jupiter\5.14.1\mockito-junit-jupiter-5.14.1.jar;"/>
    <property name="sun.awt.enableExtraMouseButtons" value="true"/>
    <property name="java.vm.vendor" value="Oracle Corporation"/>
    <property name="sun.arch.data.model" value="64"/>
    <property name="user.variant" value=""/>
    <property name="java.vendor.url" value="https://java.oracle.com/"/>
    <property name="user.timezone" value="Europe/London"/>
    <property name="os.name" value="Windows 11"/>
    <property name="java.vm.specification.version" value="21"/>
    <property name="sun.java.launcher" value="SUN_STANDARD"/>
    <property name="user.country" value="US"/>
    <property name="sun.boot.library.path" value="D:\Instalation\Java\bin"/>
    <property name="sun.java.command" value="C:\Users\ubase\AppData\Local\Temp\surefire17145314403823949991\surefirebooter-20241203174339094_3.jar C:\Users\ubase\AppData\Local\Temp\surefire17145314403823949991 2024-12-03T17-43-38_993-jvmRun1 surefire-20241203174339094_1tmp surefire_0-20241203174339094_2tmp"/>
    <property name="jdk.debug" value="release"/>
    <property name="surefire.test.class.path" value="D:\School\Masters\1st Year\1st Semester\TVVS\Project\TVVS-Project\target\test-classes;D:\School\Masters\1st Year\1st Semester\TVVS\Project\TVVS-Project\target\classes;C:\Users\ubase\.m2\repository\com\googlecode\lanterna\lanterna\3.1.1\lanterna-3.1.1.jar;C:\Users\ubase\.m2\repository\net\jqwik\jqwik\1.9.1\jqwik-1.9.1.jar;C:\Users\ubase\.m2\repository\org\apiguardian\apiguardian-api\1.1.2\apiguardian-api-1.1.2.jar;C:\Users\ubase\.m2\repository\net\jqwik\jqwik-api\1.9.1\jqwik-api-1.9.1.jar;C:\Users\ubase\.m2\repository\net\jqwik\jqwik-web\1.9.1\jqwik-web-1.9.1.jar;C:\Users\ubase\.m2\repository\net\jqwik\jqwik-time\1.9.1\jqwik-time-1.9.1.jar;C:\Users\ubase\.m2\repository\net\jqwik\jqwik-engine\1.9.1\jqwik-engine-1.9.1.jar;C:\Users\ubase\.m2\repository\org\assertj\assertj-core\3.26.3\assertj-core-3.26.3.jar;C:\Users\ubase\.m2\repository\net\bytebuddy\byte-buddy\1.14.18\byte-buddy-1.14.18.jar;C:\Users\ubase\.m2\repository\org\junit\jupiter\junit-jupiter-api\5.11.2\junit-jupiter-api-5.11.2.jar;C:\Users\ubase\.m2\repository\org\opentest4j\opentest4j\1.3.0\opentest4j-1.3.0.jar;C:\Users\ubase\.m2\repository\org\junit\platform\junit-platform-commons\1.11.2\junit-platform-commons-1.11.2.jar;C:\Users\ubase\.m2\repository\org\junit\jupiter\junit-jupiter-params\5.11.2\junit-jupiter-params-5.11.2.jar;C:\Users\ubase\.m2\repository\org\junit\jupiter\junit-jupiter-engine\5.11.2\junit-jupiter-engine-5.11.2.jar;C:\Users\ubase\.m2\repository\org\junit\platform\junit-platform-engine\1.11.2\junit-platform-engine-1.11.2.jar;C:\Users\ubase\.m2\repository\org\junit\platform\junit-platform-runner\1.11.2\junit-platform-runner-1.11.2.jar;C:\Users\ubase\.m2\repository\junit\junit\4.13.2\junit-4.13.2.jar;C:\Users\ubase\.m2\repository\org\hamcrest\hamcrest-core\1.3\hamcrest-core-1.3.jar;C:\Users\ubase\.m2\repository\org\junit\platform\junit-platform-suite-api\1.11.2\junit-platform-suite-api-1.11.2.jar;C:\Users\ubase\.m2\repository\org\junit\platform\junit-platform-suite-commons\1.11.2\junit-platform-suite-commons-1.11.2.jar;C:\Users\ubase\.m2\repository\org\junit\platform\junit-platform-launcher\1.11.2\junit-platform-launcher-1.11.2.jar;C:\Users\ubase\.m2\repository\org\mockito\mockito-core\5.14.1\mockito-core-5.14.1.jar;C:\Users\ubase\.m2\repository\net\bytebuddy\byte-buddy-agent\1.15.3\byte-buddy-agent-1.15.3.jar;C:\Users\ubase\.m2\repository\org\objenesis\objenesis\3.3\objenesis-3.3.jar;C:\Users\ubase\.m2\repository\org\mockito\mockito-junit-jupiter\5.14.1\mockito-junit-jupiter-5.14.1.jar;"/>
    <property name="sun.cpu.endian" value="little"/>
    <property name="user.home" value="C:\Users\ubase"/>
    <property name="user.language" value="en"/>
    <property name="java.specification.vendor" value="Oracle Corporation"/>
    <property name="java.version.date" value="2024-07-16"/>
    <property name="java.home" value="D:\Instalation\Java"/>
    <property name="file.separator" value="\"/>
    <property name="basedir" value="D:\School\Masters\1st Year\1st Semester\TVVS\Project\TVVS-Project"/>
    <property name="java.vm.compressedOopsMode" value="Zero based"/>
    <property name="line.separator" value="&#10;"/>
    <property name="java.vm.specification.vendor" value="Oracle Corporation"/>
    <property name="java.specification.name" value="Java Platform API Specification"/>
    <property name="surefire.real.class.path" value="C:\Users\ubase\AppData\Local\Temp\surefire17145314403823949991\surefirebooter-20241203174339094_3.jar"/>
    <property name="user.script" value=""/>
    <property name="sun.management.compiler" value="HotSpot 64-Bit Tiered Compilers"/>
    <property name="java.runtime.version" value="21.0.4+8-LTS-274"/>
    <property name="user.name" value="ubase"/>
    <property name="stdout.encoding" value="Cp1252"/>
    <property name="path.separator" value=";"/>
    <property name="os.version" value="10.0"/>
    <property name="java.runtime.name" value="Java(TM) SE Runtime Environment"/>
    <property name="file.encoding" value="UTF-8"/>
    <property name="java.vm.name" value="Java HotSpot(TM) 64-Bit Server VM"/>
    <property name="localRepository" value="C:\Users\ubase\.m2\repository"/>
    <property name="java.vendor.url.bug" value="https://bugreport.java.com/bugreport/"/>
    <property name="java.io.tmpdir" value="C:\Users\ubase\AppData\Local\Temp\"/>
    <property name="idea.version" value="2024.2.3"/>
    <property name="java.version" value="21.0.4"/>
    <property name="user.dir" value="D:\School\Masters\1st Year\1st Semester\TVVS\Project\TVVS-Project"/>
    <property name="os.arch" value="amd64"/>
    <property name="java.vm.specification.name" value="Java Virtual Machine Specification"/>
    <property name="sun.os.patch.level" value=""/>
    <property name="native.encoding" value="Cp1252"/>
    <property name="java.library.path" value="D:\Instalation\Java\bin;C:\WINDOWS\Sun\Java\bin;C:\WINDOWS\system32;C:\WINDOWS;C:\Python312\Scripts\;C:\Python312\;C:\Windows\system32;C:\Windows;C:\Windows\System32\Wbem;C:\Windows\System32\WindowsPowerShell\v1.0\;C:\Windows\System32\OpenSSH\;C:\Program Files (x86)\NVIDIA Corporation\PhysX\Common;C:\Program Files\dotnet\;D:\Windows Kits\10\Windows Performance Toolkit\;C:\Program Files\Git\cmd;D:\Instalation\Java\bin;D:\Instalation\ApacheMaven\bin;;C:\WINDOWS\system32;C:\WINDOWS;C:\WINDOWS\System32\Wbem;C:\WINDOWS\System32\WindowsPowerShell\v1.0\;C:\WINDOWS\System32\OpenSSH\;D:\Instalation\NodeJs\;C:\ProgramData\chocolatey\bin;C:\Program Files\NVIDIA Corporation\NVIDIA app\NvDLISR;C:\Program Files\Docker\Docker\resources\bin;C:\Users\ubase\.cargo\bin;C:\Users\ubase\AppData\Local\Microsoft\WindowsApps;D:\Instalation\Microsoft VS Code\bin;D:\Instalation\intelliJ\IntelliJ IDEA Community Edition 2024.2.3\bin;;C:\Users\ubase\AppData\Roaming\npm;."/>
    <property name="java.vm.info" value="mixed mode, sharing"/>
    <property name="stderr.encoding" value="Cp1252"/>
    <property name="java.vendor" value="Oracle Corporation"/>
    <property name="java.vm.version" value="21.0.4+8-LTS-274"/>
    <property name="sun.io.unicode.encoding" value="UnicodeLittle"/>
    <property name="java.class.version" value="65.0"/>
  </properties>
  <testcase name="testGetModel" classname="badIceCream.controller.ControllerTest" time="0.005"/>
  <testcase name="testStep" classname="badIceCream.controller.ControllerTest" time="0.496"/>
  <testcase name="testStepMonsters" classname="badIceCream.controller.ControllerTest" time="0.004"/>
</testsuite>